#
# There is insufficient memory for the Java Runtime Environment to continue.
# Native memory allocation (mmap) failed to map 264241152 bytes for Failed to commit area from 0x0000000704800000 to 0x0000000714400000 of length 264241152.
# Possible reasons:
#   The system is out of physical RAM or swap space
#   The process is running with CompressedOops enabled, and the Java Heap may be blocking the growth of the native heap
# Possible solutions:
#   Reduce memory load on the system
#   Increase physical memory or swap space
#   Check if swap backing store is full
#   Decrease Java heap size (-Xmx/-Xms)
#   Decrease number of Java threads
#   Decrease Java thread stack sizes (-Xss)
#   Set larger code cache with -XX:ReservedCodeCacheSize=
# This output file may be truncated or incomplete.
#
#  Out of Memory Error (./open/src/hotspot/os/windows/os_windows.cpp:3287), pid=36500, tid=34196
#
# JRE version:  (11.0.15.1+2) (build )
# Java VM: Java HotSpot(TM) 64-Bit Server VM (11.0.15.1+2-LTS-10, mixed mode, sharing, tiered, compressed oops, g1 gc, windows-amd64)
# No core dump will be written. Minidumps are not enabled by default on client versions of Windows
#

---------------  S U M M A R Y ------------

Command Line: -Dclassworlds.conf=D:\develop\apache-maven-3.6.1\bin\..\bin\m2.conf -Dmaven.home=D:\develop\apache-maven-3.6.1\bin\.. -Dlibrary.jansi.path=D:\develop\apache-maven-3.6.1\bin\..\lib\jansi-native -Dmaven.multiModuleProjectDirectory=D:\AI\class-pets-backend org.codehaus.plexus.classworlds.launcher.Launcher -q -DskipTests compile

Host: 12th Gen Intel(R) Core(TM) i7-12700H, 20 cores, 15G,  Windows 11 , 64 bit Build 26100 (10.0.26100.7623)
Time: Mon Feb  9 21:23:11 2026 笢弊梓袧奀潔 elapsed time: 1.165494 seconds (0d 0h 0m 1s)

---------------  T H R E A D  ---------------

Current thread (0x000001e1bd41a000):  JavaThread "Unknown thread" [_thread_in_vm, id=34196, stack(0x000000c272200000,0x000000c272300000)]

Stack: [0x000000c272200000,0x000000c272300000]
Native frames: (J=compiled Java code, j=interpreted, Vv=VM code, C=native code)
V  [jvm.dll+0x629d8a]
V  [jvm.dll+0x7638ff]
V  [jvm.dll+0x764fa9]
V  [jvm.dll+0x765633]
V  [jvm.dll+0x23d9c8]
V  [jvm.dll+0x6270aa]
V  [jvm.dll+0x61be35]
V  [jvm.dll+0x2f27dc]
V  [jvm.dll+0x2f2662]
V  [jvm.dll+0x2f7386]
V  [jvm.dll+0x339d8f]
V  [jvm.dll+0x3397c0]
V  [jvm.dll+0x2cfdf8]
V  [jvm.dll+0x2d0f66]
V  [jvm.dll+0x73df07]
V  [jvm.dll+0x73f79f]
V  [jvm.dll+0x346ab9]
V  [jvm.dll+0x723810]
V  [jvm.dll+0x3b56cf]
V  [jvm.dll+0x3b77e1]
C  [jli.dll+0x5207]
C  [ucrtbase.dll+0x37b0]
C  [KERNEL32.DLL+0x2e8d7]
C  [ntdll.dll+0x8c53c]


---------------  P R O C E S S  ---------------

Threads class SMR info:
_java_thread_list=0x000001e1bb169120, length=0, elements={
}

Java Threads: ( => current thread )

Other Threads:
  0x000001e1bd430000 GCTaskThread "GC Thread#0" [stack: 0x000000c272300000,0x000000c272400000] [id=34744]
  0x000001e1bd490800 ConcurrentGCThread "G1 Main Marker" [stack: 0x000000c272400000,0x000000c272500000] [id=29224]
  0x000001e1bd497000 ConcurrentGCThread "G1 Conc#0" [stack: 0x000000c272500000,0x000000c272600000] [id=37328]

[error occurred during error reporting (printing all threads), id 0xc0000005, EXCEPTION_ACCESS_VIOLATION (0xc0000005) at pc=0x00007ff9090bf087]

VM state:not at safepoint (not fully initialized)

VM Mutex/Monitor currently owned by a thread:  ([mutex/lock_event])
[0x000001e1bd4197b0] Heap_lock - owner thread: 0x000001e1bd41a000

Heap address: 0x0000000704800000, size: 4024 MB, Compressed Oops mode: Non-zero based: 0x0000000704800000
Narrow klass base: 0x0000000000000000, Narrow klass shift: 0

GC Heap History (0 events):
No events

Deoptimization events (0 events):
No events

Classes redefined (0 events):
No events

Internal exceptions (0 events):
No events

Events (0 events):
No events


Dynamic libraries:
0x00007ff7435f0000 - 0x00007ff7435ff000 	C:\Program Files\Java\jdk-11.0.15.1\bin\java.exe
0x00007ff9b13a0000 - 0x00007ff9b1607000 	C:\WINDOWS\SYSTEM32\ntdll.dll
0x00007ff9b0830000 - 0x00007ff9b08f9000 	C:\WINDOWS\System32\KERNEL32.DLL
0x00007ff9ae920000 - 0x00007ff9aed0f000 	C:\WINDOWS\System32\KERNELBASE.dll
0x00007ff9ae520000 - 0x00007ff9ae66b000 	C:\WINDOWS\System32\ucrtbase.dll
0x00007ff99cf90000 - 0x00007ff99cfa5000 	C:\Program Files\Java\jdk-11.0.15.1\bin\VCRUNTIME140.dll
0x00007ff99cf30000 - 0x00007ff99cf48000 	C:\Program Files\Java\jdk-11.0.15.1\bin\jli.dll
0x00007ff9af7f0000 - 0x00007ff9af8a4000 	C:\WINDOWS\System32\ADVAPI32.dll
0x00007ff9af920000 - 0x00007ff9af9c9000 	C:\WINDOWS\System32\msvcrt.dll
0x00007ff9b0c00000 - 0x00007ff9b0ca6000 	C:\WINDOWS\System32\sechost.dll
0x00007ff9b0d20000 - 0x00007ff9b0e38000 	C:\WINDOWS\System32\RPCRT4.dll
0x00007ff9b0a30000 - 0x00007ff9b0bf5000 	C:\WINDOWS\System32\USER32.dll
0x00007ff9ae4f0000 - 0x00007ff9ae517000 	C:\WINDOWS\System32\win32u.dll
0x00007ff9b1330000 - 0x00007ff9b135b000 	C:\WINDOWS\System32\GDI32.dll
0x00007ff9af010000 - 0x00007ff9af13c000 	C:\WINDOWS\System32\gdi32full.dll
0x00007ff9996b0000 - 0x00007ff999943000 	C:\WINDOWS\WinSxS\amd64_microsoft.windows.common-controls_6595b64144ccf1df_6.0.26100.7309_none_3e05feeae336a044\COMCTL32.dll
0x00007ff9aede0000 - 0x00007ff9aee83000 	C:\WINDOWS\System32\msvcp_win.dll
0x00007ff9a5050000 - 0x00007ff9a505b000 	C:\WINDOWS\SYSTEM32\VERSION.dll
0x00007ff9b1000000 - 0x00007ff9b1031000 	C:\WINDOWS\System32\IMM32.DLL
0x00007ff966480000 - 0x00007ff96651b000 	C:\Program Files\Java\jdk-11.0.15.1\bin\msvcp140.dll
0x00007ff908de0000 - 0x00007ff9098f6000 	C:\Program Files\Java\jdk-11.0.15.1\bin\server\jvm.dll
0x00007ff9af8b0000 - 0x00007ff9af8b8000 	C:\WINDOWS\System32\PSAPI.DLL
0x00007ff994600000 - 0x00007ff99460a000 	C:\WINDOWS\SYSTEM32\WSOCK32.dll
0x00007ff9a1250000 - 0x00007ff9a1285000 	C:\WINDOWS\SYSTEM32\WINMM.dll
0x00007ff9b1050000 - 0x00007ff9b10c4000 	C:\WINDOWS\System32\WS2_32.dll
0x00007ff9ad200000 - 0x00007ff9ad21b000 	C:\WINDOWS\SYSTEM32\kernel.appcore.dll
0x00007ff99cf80000 - 0x00007ff99cf90000 	C:\Program Files\Java\jdk-11.0.15.1\bin\verify.dll
0x00007ff9ab690000 - 0x00007ff9ab8d2000 	C:\WINDOWS\SYSTEM32\DBGHELP.DLL
0x00007ff9afa80000 - 0x00007ff9afe06000 	C:\WINDOWS\System32\combase.dll
0x00007ff9b0950000 - 0x00007ff9b0a26000 	C:\WINDOWS\System32\OLEAUT32.dll
0x00007ff989860000 - 0x00007ff98989c000 	C:\WINDOWS\SYSTEM32\dbgcore.DLL
0x00007ff9ae670000 - 0x00007ff9ae715000 	C:\WINDOWS\System32\bcryptPrimitives.dll
0x00007ff99cd80000 - 0x00007ff99cda8000 	C:\Program Files\Java\jdk-11.0.15.1\bin\java.dll
0x00007ff99cf20000 - 0x00007ff99cf2a000 	C:\Program Files\Java\jdk-11.0.15.1\bin\jimage.dll
0x00007ff99cd60000 - 0x00007ff99cd76000 	C:\Program Files\Java\jdk-11.0.15.1\bin\zip.dll

dbghelp: loaded successfully - version: 4.0.5 - missing functions: none
symbol engine: initialized successfully - sym options: 0x614 - pdb path: .;C:\Program Files\Java\jdk-11.0.15.1\bin;C:\WINDOWS\SYSTEM32;C:\WINDOWS\WinSxS\amd64_microsoft.windows.common-controls_6595b64144ccf1df_6.0.26100.7309_none_3e05feeae336a044;C:\Program Files\Java\jdk-11.0.15.1\bin\server

VM Arguments:
jvm_args: -Dclassworlds.conf=D:\develop\apache-maven-3.6.1\bin\..\bin\m2.conf -Dmaven.home=D:\develop\apache-maven-3.6.1\bin\.. -Dlibrary.jansi.path=D:\develop\apache-maven-3.6.1\bin\..\lib\jansi-native -Dmaven.multiModuleProjectDirectory=D:\AI\class-pets-backend 
java_command: org.codehaus.plexus.classworlds.launcher.Launcher -q -DskipTests compile
java_class_path (initial): D:\develop\apache-maven-3.6.1\bin\..\boot\plexus-classworlds-2.6.0.jar
Launcher Type: SUN_STANDARD

[Global flags]
     intx CICompilerCount                          = 12                                        {product} {ergonomic}
     uint ConcGCThreads                            = 4                                         {product} {ergonomic}
     uint G1ConcRefinementThreads                  = 15                                        {product} {ergonomic}
   size_t G1HeapRegionSize                         = 1048576                                   {product} {ergonomic}
    uintx GCDrainStackTargetSize                   = 64                                        {product} {ergonomic}
   size_t InitialHeapSize                          = 264241152                                 {product} {ergonomic}
   size_t MarkStackSize                            = 4194304                                   {product} {ergonomic}
   size_t MaxHeapSize                              = 4219469824                                {product} {ergonomic}
   size_t MinHeapDeltaBytes                        = 1048576                                   {product} {ergonomic}
    uintx NonNMethodCodeHeapSize                   = 7594288                                {pd product} {ergonomic}
    uintx NonProfiledCodeHeapSize                  = 122031976                              {pd product} {ergonomic}
    uintx ProfiledCodeHeapSize                     = 122031976                              {pd product} {ergonomic}
    uintx ReservedCodeCacheSize                    = 251658240                              {pd product} {ergonomic}
     bool SegmentedCodeCache                       = true                                      {product} {ergonomic}
     bool UseCompressedClassPointers               = true                                 {lp64_product} {ergonomic}
     bool UseCompressedOops                        = true                                 {lp64_product} {ergonomic}
     bool UseG1GC                                  = true                                      {product} {ergonomic}
     bool UseLargePagesIndividualAllocation        = false                                  {pd product} {ergonomic}

Logging:
Log output configuration:
 #0: stdout all=warning uptime,level,tags
 #1: stderr all=off uptime,level,tags

Environment Variables:
JAVA_HOME=C:\Program Files\Java\jdk-11.0.15.1
CLASSPATH=.;C:\Program Files\Java\jdk-11.0.15.1\lib\dt.jar;C:\Program Files\Java\jdk-11.0.15.1\lib\tools.jar;
PATH=D:\bin\;C:\Program Files\Common Files\Oracle\Java\javapath;C:\Program Files\Microsoft MPI\Bin\;C:\Program Files (x86)\Common Files\Intel\Shared Libraries\redist\intel64\compiler;C:\ProgramData\Oracle\Java\javapath;C:\Windows\system32;C:\Windows;C:\Windows\System32\Wbem;C:\Windows\System32\WindowsPowerShell\v1.0\;C:\Windows\System32\OpenSSH\;C:\Program Files (x86)\NVIDIA Corporation\PhysX\Common;C:\Program Files\NVIDIA Corporation\NVIDIA NvDLISR;C:\Program Files\dotnet\;C:\Program Files\Microsoft SQL Server\Client SDK\ODBC\170\Tools\Binn\;C:\Program Files (x86)\Microsoft SQL Server\150\Tools\Binn\;C:\Program Files\Microsoft SQL Server\150\Tools\Binn\;C:\Program Files\Microsoft SQL Server\150\DTS\Binn\;C:\Program Files (x86)\Microsoft SQL Server\150\DTS\Binn\;D:\MySQL\MySQL Server 8.0\bin;D:\develop\apache-maven-3.6.1\bin;C:\Program Files\Java\jdk-11.0.15.1\bin;D:\wxcoderutil\峚陓web羲楷氪馱撿\dll;C:\WINDOWS\system32;C:\WINDOWS;C:\WINDOWS\System32\Wbem;C:\WINDOWS\System32\WindowsPowerShell\v1.0\;C:\WINDOWS\System32\OpenSSH\;C:\Users\59175\AppData\Local\nvm;C:\nvm4w\nodejs;D:\MySQL\MySQL Shell 8.0\bin\;C:\Users\59175\AppData\Local\Microsoft\WindowsApps;D:\IntelliJ IDEA 2021.3.1\bin;C:\Program Files\Bandizip\;D:\Microsoft VS Code\bin;C:\Users\59175\AppData\Roaming\npm;D:\cpolar\;D:\nodejs;D:\Antigravity\bin
USERNAME=59175
OS=Windows_NT
PROCESSOR_IDENTIFIER=Intel64 Family 6 Model 154 Stepping 3, GenuineIntel



---------------  S Y S T E M  ---------------

OS: Windows 11 , 64 bit Build 26100 (10.0.26100.7623)

CPU:total 20 (initial active 20) (10 cores per cpu, 2 threads per core) family 6 model 154 stepping 3 microcode 0x41e, cmov, cx8, fxsr, mmx, sse, sse2, sse3, ssse3, sse4.1, sse4.2, popcnt, avx, avx2, aes, clmul, erms, 3dnowpref, lzcnt, ht, tsc, tscinvbit, bmi1, bmi2, adx, sha, fma

Memory: 4k page, system-wide physical 16088M (2052M free)
TotalPageFile size 41688M (AvailPageFile size 14M)
current process WorkingSet (physical memory assigned to process): 12M, peak: 12M
current process commit charge ("private bytes"): 76M, peak: 328M

vm_info: Java HotSpot(TM) 64-Bit Server VM (11.0.15.1+2-LTS-10) for windows-amd64 JRE (11.0.15.1+2-LTS-10), built on Apr 25 2022 21:51:57 by "mach5one" with MS VC++ 15.9 (VS2017)

END.
